<?xml version="1.0" encoding="UTF-8"?>
<!-- Generated by org.testng.reporters.JUnitReportReporter -->
<testsuite skipped="0" hostname="DESKTOP-ONQP60F" name="com.crm.orgtest.OrgTest" tests="2" failures="0" timestamp="2021-10-19T15:19:26 IST" time="0.019" errors="0">
  <testcase name="OrgTest" time="0.015" classname="com.crm.orgtest.OrgTest"/>
  <system-out/>
  <testcase name="editorgTest" time="0.004" classname="com.crm.orgtest.OrgTest"/>
  <system-out/>
</testsuite> <!-- com.crm.orgtest.OrgTest -->
