<?xml version="1.0" encoding="UTF-8"?>
<!-- Generated by org.testng.reporters.JUnitReportReporter -->
<testsuite skipped="0" hostname="DESKTOP-ONQP60F" name="com.createcontactwithbaseclass.TC_03createcontactwithbaseclass" tests="1" failures="0" timestamp="2021-11-06T11:55:14 IST" time="24.811" errors="0">
  <testcase name="createContact" time="24.811" classname="com.createcontactwithbaseclass.TC_03createcontactwithbaseclass"/>
  <system-out/>
</testsuite> <!-- com.createcontactwithbaseclass.TC_03createcontactwithbaseclass -->
