<?xml version="1.0" encoding="UTF-8"?>
<!-- Generated by org.testng.reporters.JUnitReportReporter -->
<testsuite skipped="0" hostname="DESKTOP-ONQP60F" name="testScript.TC_16CreateContacts" tests="1" failures="0" timestamp="2021-10-07T22:57:06 IST" time="18.615" errors="0">
  <testcase name="ViewedContacts" time="18.615" classname="testScript.TC_16CreateContacts"/>
  <system-out/>
</testsuite> <!-- testScript.TC_16CreateContacts -->
