<?xml version="1.0" encoding="UTF-8"?>
<!-- Generated by org.testng.reporters.JUnitReportReporter -->
<testsuite skipped="0" hostname="DESKTOP-ONQP60F" name="testScript.TC_16CreateContacts" tests="1" failures="0" timestamp="2021-10-20T15:11:45 IST" time="20.500" errors="0">
  <testcase name="createcontact" time="20.500" classname="testScript.TC_16CreateContacts"/>
  <system-out/>
</testsuite> <!-- testScript.TC_16CreateContacts -->
